<?xml version="1.0" encoding="UTF-8"?>
<testng-results ignored="0" total="1" passed="1" failed="0" skipped="0">
  <reporter-output>
  </reporter-output>
  <suite started-at="2025-03-23T08:52:54 IST" name="Suite" finished-at="2025-03-23T08:53:01 IST" duration-ms="7305">
    <groups>
    </groups>
    <test started-at="2025-03-23T08:52:54 IST" name="Test" finished-at="2025-03-23T08:53:01 IST" duration-ms="7305">
      <class name="com.boombolt.testCases.TC_Register">
        <test-method is-config="true" signature="setUp()[pri:0, instance:com.boombolt.testCases.TC_Register@57a3af25]" started-at="2025-03-23T08:52:54 IST" name="setUp" finished-at="2025-03-23T08:52:58 IST" duration-ms="4133" status="PASS">
          <reporter-output>
          </reporter-output>
        </test-method> <!-- setUp -->
        <test-method signature="account_Reg()[pri:0, instance:com.boombolt.testCases.TC_Register@57a3af25]" started-at="2025-03-23T08:52:58 IST" name="account_Reg" finished-at="2025-03-23T08:53:01 IST" duration-ms="2536" status="PASS">
          <reporter-output>
          </reporter-output>
        </test-method> <!-- account_Reg -->
        <test-method is-config="true" signature="tearDown()[pri:0, instance:com.boombolt.testCases.TC_Register@57a3af25]" started-at="2025-03-23T08:53:01 IST" name="tearDown" finished-at="2025-03-23T08:53:01 IST" duration-ms="311" status="PASS">
          <reporter-output>
          </reporter-output>
        </test-method> <!-- tearDown -->
      </class> <!-- com.boombolt.testCases.TC_Register -->
    </test> <!-- Test -->
  </suite> <!-- Suite -->
</testng-results>
