<?xml version="1.0" encoding="UTF-8"?>
<testng-results ignored="0" total="1" passed="1" failed="0" skipped="0">
  <reporter-output>
  </reporter-output>
  <suite started-at="2025-03-23T08:40:21 IST" name="Suite" finished-at="2025-03-23T08:40:37 IST" duration-ms="15185">
    <groups>
    </groups>
    <test started-at="2025-03-23T08:40:21 IST" name="Test" finished-at="2025-03-23T08:40:37 IST" duration-ms="15185">
      <class name="com.boombolt.testCases.TC_Register">
        <test-method is-config="true" signature="setUp()[pri:0, instance:com.boombolt.testCases.TC_Register@7eac9008]" started-at="2025-03-23T08:40:22 IST" name="setUp" finished-at="2025-03-23T08:40:30 IST" duration-ms="8173" status="PASS">
          <reporter-output>
          </reporter-output>
        </test-method> <!-- setUp -->
        <test-method signature="account_Reg()[pri:0, instance:com.boombolt.testCases.TC_Register@7eac9008]" started-at="2025-03-23T08:40:30 IST" name="account_Reg" finished-at="2025-03-23T08:40:36 IST" duration-ms="5608" status="PASS">
          <reporter-output>
          </reporter-output>
        </test-method> <!-- account_Reg -->
        <test-method is-config="true" signature="tearDown()[pri:0, instance:com.boombolt.testCases.TC_Register@7eac9008]" started-at="2025-03-23T08:40:36 IST" name="tearDown" finished-at="2025-03-23T08:40:37 IST" duration-ms="847" status="PASS">
          <reporter-output>
          </reporter-output>
        </test-method> <!-- tearDown -->
      </class> <!-- com.boombolt.testCases.TC_Register -->
    </test> <!-- Test -->
  </suite> <!-- Suite -->
</testng-results>
